MusicPlayer/app/build/intermediates/manifest_merge_blame_file/debug/manifest-merger-blame-debug-report.txt
1<?xml version="1.0" encoding="utf-8"?>
2<manifest xmlns:android="http://schemas.android.com/apk/res/android"
3    package="com.harshRajpurohit.musicPlayer"
4    android:versionCode="8"
5    android:versionName="4.0.4" >
6
7    <uses-sdk
8        android:minSdkVersion="21"
8-->src/main/AndroidManifest.xml
9        android:targetSdkVersion="33" />
9-->src/main/AndroidManifest.xml
10
11    <uses-permission android:name="android.permission.ACCESS_NETWORK_STATE" />
11-->src/main/AndroidManifest.xml:5:5-79
11-->src/main/AndroidManifest.xml:5:22-76
12    <uses-permission android:name="android.permission.WRITE_EXTERNAL_STORAGE" />
12-->src/main/AndroidManifest.xml:6:5-8:40
12-->src/main/AndroidManifest.xml:7:9-65
13    <uses-permission android:name="android.permission.FOREGROUND_SERVICE" />
13-->src/main/AndroidManifest.xml:9:5-77
13-->src/main/AndroidManifest.xml:9:22-74
14    <uses-permission android:name="android.permission.INTERNET" />
14-->src/main/AndroidManifest.xml:10:5-67
14-->src/main/AndroidManifest.xml:10:22-64
15
16    <permission
16-->[androidx.core:core:1.9.0] AndroidManifest.xml:22:5-24:47
17        android:name="com.harshRajpurohit.musicPlayer.DYNAMIC_RECEIVER_NOT_EXPORTED_PERMISSION"
17-->[androidx.core:core:1.9.0] AndroidManifest.xml:23:9-81
18        android:protectionLevel="signature" />
18-->[androidx.core:core:1.9.0] AndroidManifest.xml:24:9-44
19
20    <uses-permission android:name="com.harshRajpurohit.musicPlayer.DYNAMIC_RECEIVER_NOT_EXPORTED_PERMISSION" />
20-->[androidx.core:core:1.9.0] AndroidManifest.xml:26:5-97
20-->[androidx.core:core:1.9.0] AndroidManifest.xml:26:22-94
21
22    <application
22-->src/main/AndroidManifest.xml:12:5-91:19
23        android:name="com.harshRajpurohit.musicPlayer.ApplicationClass"
23-->src/main/AndroidManifest.xml:13:9-41
24        android:allowBackup="true"
24-->src/main/AndroidManifest.xml:14:9-35
25        android:appComponentFactory="androidx.core.app.CoreComponentFactory"
25-->[androidx.core:core:1.9.0] AndroidManifest.xml:28:18-86
26        android:debuggable="true"
27        android:icon="@mipmap/music_player_icon"
27-->src/main/AndroidManifest.xml:15:9-49
28        android:label="@string/app_name"
28-->src/main/AndroidManifest.xml:16:9-41
29        android:requestLegacyExternalStorage="true"
29-->src/main/AndroidManifest.xml:17:9-52
30        android:roundIcon="@mipmap/music_player_icon_round"
30-->src/main/AndroidManifest.xml:18:9-60
31        android:supportsRtl="true"
31-->src/main/AndroidManifest.xml:19:9-35
32        android:testOnly="true"
33        android:theme="@style/splash_screen" >
33-->src/main/AndroidManifest.xml:20:9-45
34        <activity
34-->src/main/AndroidManifest.xml:22:9-24:40
35            android:name="com.harshRajpurohit.musicPlayer.PlayNext"
35-->src/main/AndroidManifest.xml:23:13-37
36            android:exported="false" />
36-->src/main/AndroidManifest.xml:24:13-37
37        <activity
37-->src/main/AndroidManifest.xml:25:9-28:56
38            android:name="com.harshRajpurohit.musicPlayer.AboutActivity"
38-->src/main/AndroidManifest.xml:26:13-42
39            android:screenOrientation="portrait" />
39-->src/main/AndroidManifest.xml:27:13-49
40        <activity
40-->src/main/AndroidManifest.xml:29:9-32:56
41            android:name="com.harshRajpurohit.musicPlayer.SettingsActivity"
41-->src/main/AndroidManifest.xml:30:13-45
42            android:screenOrientation="portrait" />
42-->src/main/AndroidManifest.xml:31:13-49
43        <!-- <activity -->
44        <!-- android:name=".FeedbackActivity" -->
45        <!-- android:screenOrientation="portrait" -->
46        <!-- tools:ignore="LockedOrientationActivity" /> -->
47        <activity
47-->src/main/AndroidManifest.xml:37:9-40:56
48            android:name="com.harshRajpurohit.musicPlayer.SelectionActivity"
48-->src/main/AndroidManifest.xml:38:13-46
49            android:screenOrientation="portrait" />
49-->src/main/AndroidManifest.xml:39:13-49
50        <activity
50-->src/main/AndroidManifest.xml:41:9-44:56
51            android:name="com.harshRajpurohit.musicPlayer.PlaylistDetails"
51-->src/main/AndroidManifest.xml:42:13-44
52            android:screenOrientation="portrait" />
52-->src/main/AndroidManifest.xml:43:13-49
53        <activity
53-->src/main/AndroidManifest.xml:45:9-48:56
54            android:name="com.harshRajpurohit.musicPlayer.PlaylistActivity"
54-->src/main/AndroidManifest.xml:46:13-45
55            android:screenOrientation="portrait" />
55-->src/main/AndroidManifest.xml:47:13-49
56        <activity
56-->src/main/AndroidManifest.xml:49:9-52:56
57            android:name="com.harshRajpurohit.musicPlayer.FavouriteActivity"
57-->src/main/AndroidManifest.xml:50:13-46
58            android:screenOrientation="portrait" />
58-->src/main/AndroidManifest.xml:51:13-49
59        <activity
59-->src/main/AndroidManifest.xml:53:9-71:20
60            android:name="com.harshRajpurohit.musicPlayer.PlayerActivity"
60-->src/main/AndroidManifest.xml:54:13-43
61            android:configChanges="uiMode"
61-->src/main/AndroidManifest.xml:55:13-43
62            android:exported="true"
62-->src/main/AndroidManifest.xml:56:13-36
63            android:launchMode="singleTask"
63-->src/main/AndroidManifest.xml:57:13-44
64            android:noHistory="true"
64-->src/main/AndroidManifest.xml:58:13-37
65            android:screenOrientation="portrait" >
65-->src/main/AndroidManifest.xml:59:13-49
66            <intent-filter>
66-->src/main/AndroidManifest.xml:61:13-70:29
67                <action android:name="android.intent.action.VIEW" />
67-->src/main/AndroidManifest.xml:62:17-69
67-->src/main/AndroidManifest.xml:62:25-66
68
69                <category android:name="android.intent.category.BROWSABLE" />
69-->src/main/AndroidManifest.xml:64:17-78
69-->src/main/AndroidManifest.xml:64:27-75
70                <category android:name="android.intent.category.DEFAULT" />
70-->src/main/AndroidManifest.xml:65:17-76
70-->src/main/AndroidManifest.xml:65:27-73
71
72                <data
72-->src/main/AndroidManifest.xml:67:17-69:48
73                    android:mimeType="audio/*"
73-->src/main/AndroidManifest.xml:68:21-47
74                    android:scheme="content" />
74-->src/main/AndroidManifest.xml:69:21-45
75            </intent-filter>
76        </activity>
77        <activity
77-->src/main/AndroidManifest.xml:72:9-84:20
78            android:name="com.harshRajpurohit.musicPlayer.MainActivity"
78-->src/main/AndroidManifest.xml:73:13-41
79            android:configChanges="uiMode"
79-->src/main/AndroidManifest.xml:74:13-43
80            android:exported="true"
80-->src/main/AndroidManifest.xml:75:13-36
81            android:launchMode="singleTask"
81-->src/main/AndroidManifest.xml:77:13-44
82            android:screenOrientation="portrait" >
82-->src/main/AndroidManifest.xml:76:13-49
83            <intent-filter>
83-->src/main/AndroidManifest.xml:79:13-83:29
84                <action android:name="android.intent.action.MAIN" />
84-->src/main/AndroidManifest.xml:80:17-69
84-->src/main/AndroidManifest.xml:80:25-66
85
86                <category android:name="android.intent.category.LAUNCHER" />
86-->src/main/AndroidManifest.xml:82:17-77
86-->src/main/AndroidManifest.xml:82:27-74
87            </intent-filter>
88        </activity>
89
90        <service android:name="com.harshRajpurohit.musicPlayer.MusicService" />
90-->src/main/AndroidManifest.xml:86:9-49
90-->src/main/AndroidManifest.xml:86:18-46
91
92        <receiver
92-->src/main/AndroidManifest.xml:88:9-90:38
93            android:name="com.harshRajpurohit.musicPlayer.NotificationReceiver"
93-->src/main/AndroidManifest.xml:89:13-49
94            android:enabled="true" />
94-->src/main/AndroidManifest.xml:90:13-35
95
96        <provider
96-->[androidx.emoji2:emoji2:1.2.0] AndroidManifest.xml:24:9-32:20
97            android:name="androidx.startup.InitializationProvider"
97-->[androidx.emoji2:emoji2:1.2.0] AndroidManifest.xml:25:13-67
98            android:authorities="com.harshRajpurohit.musicPlayer.androidx-startup"
98-->[androidx.emoji2:emoji2:1.2.0] AndroidManifest.xml:26:13-68
99            android:exported="false" >
99-->[androidx.emoji2:emoji2:1.2.0] AndroidManifest.xml:27:13-37
100            <meta-data
100-->[androidx.emoji2:emoji2:1.2.0] AndroidManifest.xml:29:13-31:52
101                android:name="androidx.emoji2.text.EmojiCompatInitializer"
101-->[androidx.emoji2:emoji2:1.2.0] AndroidManifest.xml:30:17-75
102                android:value="androidx.startup" />
102-->[androidx.emoji2:emoji2:1.2.0] AndroidManifest.xml:31:17-49
103            <meta-data
103-->[androidx.lifecycle:lifecycle-process:2.4.1] AndroidManifest.xml:31:13-33:52
104                android:name="androidx.lifecycle.ProcessLifecycleInitializer"
104-->[androidx.lifecycle:lifecycle-process:2.4.1] AndroidManifest.xml:32:17-78
105                android:value="androidx.startup" />
105-->[androidx.lifecycle:lifecycle-process:2.4.1] AndroidManifest.xml:33:17-49
106        </provider>
107    </application>
108
109</manifest>